<?xml version="1.0" encoding="UTF-8"?>
<!-- Generated by org.testng.reporters.JUnitXMLReporter -->
<testsuite ignored="1" hostname="DESKTOP-HO180CR" failures="1" tests="2" name="Automation Framework Test Cases" time="27.957" errors="0" timestamp="22 Jul 2021 00:06:52 GMT">
  <testcase classname="com.edu.frameworktest.test.LandingPageTest" name="testLoginButton" time="12.437">
    <failure type="java.lang.AssertionError" message="expected [false] but found [true]">
      <![CDATA[java.lang.AssertionError: expected [false] but found [true]
at com.edu.frameworktest.test.LandingPageTest.testLoginButton(LandingPageTest.java:45)
at com.intellij.rt.testng.IDEARemoteTestNG.run(IDEARemoteTestNG.java:66)
at com.intellij.rt.testng.RemoteTestNGStarter.main(RemoteTestNGStarter.java:109)
... Removed 26 stack frames]]>
    </failure>
  </testcase> <!-- testLoginButton -->
  <testcase classname="com.edu.frameworktest.test.LandingPageTest" name="testTitle" time="0.124"/>
  <testcase classname="com.edu.frameworktest.test.LandingPageTest" name="testLandingPageLogo" time="0.0">
    <ignored/>
  </testcase> <!-- testLandingPageLogo -->
</testsuite> <!-- Automation Framework Test Cases -->
