<?xml version="1.0" encoding="UTF-8"?>
<testng-results ignored="1" total="3" passed="1" failed="1" skipped="0">
  <reporter-output>
  </reporter-output>
  <suite started-at="2021-07-22T00:06:24Z" name="FREE CRM Application Test Automation Test Suite" finished-at="2021-07-22T00:06:52Z" duration-ms="27957">
    <groups>
    </groups>
    <test started-at="2021-07-22T00:06:24Z" name="Automation Framework Test Cases" finished-at="2021-07-22T00:06:52Z" duration-ms="27957">
      <class name="com.edu.frameworktest.test.LandingPageTest">
        <test-method is-config="true" signature="setUp(java.lang.reflect.Method)[pri:0, instance:com.edu.frameworktest.test.LandingPageTest@143640d5]" started-at="2021-07-22T00:06:24Z" name="setUp" finished-at="2021-07-22T00:06:32Z" duration-ms="7980" status="PASS">
          <params>
            <param index="0">
              <value>
                <![CDATA[public void com.edu.frameworktest.test.LandingPageTest.testLoginButton()]]>
              </value>
            </param>
          </params>
          <reporter-output>
          </reporter-output>
        </test-method> <!-- setUp -->
        <test-method signature="testLoginButton()[pri:0, instance:com.edu.frameworktest.test.LandingPageTest@143640d5]" started-at="2021-07-22T00:06:32Z" name="testLoginButton" finished-at="2021-07-22T00:06:45Z" duration-ms="12437" status="FAIL">
          <exception class="java.lang.AssertionError">
            <message>
              <![CDATA[expected [false] but found [true]]]>
            </message>
            <full-stacktrace>
              <![CDATA[java.lang.AssertionError: expected [false] but found [true]
at org.testng.Assert.fail(Assert.java:96)
at org.testng.Assert.failNotEquals(Assert.java:776)
at org.testng.Assert.assertFalse(Assert.java:65)
at org.testng.Assert.assertFalse(Assert.java:75)
at com.edu.frameworktest.test.LandingPageTest.testLoginButton(LandingPageTest.java:45)
at java.base/jdk.internal.reflect.NativeMethodAccessorImpl.invoke0(Native Method)
at java.base/jdk.internal.reflect.NativeMethodAccessorImpl.invoke(NativeMethodAccessorImpl.java:64)
at java.base/jdk.internal.reflect.DelegatingMethodAccessorImpl.invoke(DelegatingMethodAccessorImpl.java:43)
at java.base/java.lang.reflect.Method.invoke(Method.java:564)
at org.testng.internal.MethodInvocationHelper.invokeMethod(MethodInvocationHelper.java:124)
at org.testng.internal.Invoker.invokeMethod(Invoker.java:583)
at org.testng.internal.Invoker.invokeTestMethod(Invoker.java:719)
at org.testng.internal.Invoker.invokeTestMethods(Invoker.java:989)
at org.testng.internal.TestMethodWorker.invokeTestMethods(TestMethodWorker.java:125)
at org.testng.internal.TestMethodWorker.run(TestMethodWorker.java:109)
at org.testng.TestRunner.privateRun(TestRunner.java:648)
at org.testng.TestRunner.run(TestRunner.java:505)
at org.testng.SuiteRunner.runTest(SuiteRunner.java:455)
at org.testng.SuiteRunner.runSequentially(SuiteRunner.java:450)
at org.testng.SuiteRunner.privateRun(SuiteRunner.java:415)
at org.testng.SuiteRunner.run(SuiteRunner.java:364)
at org.testng.SuiteRunnerWorker.runSuite(SuiteRunnerWorker.java:52)
at org.testng.SuiteRunnerWorker.run(SuiteRunnerWorker.java:84)
at org.testng.TestNG.runSuitesSequentially(TestNG.java:1208)
at org.testng.TestNG.runSuitesLocally(TestNG.java:1137)
at org.testng.TestNG.runSuites(TestNG.java:1049)
at org.testng.TestNG.run(TestNG.java:1017)
at com.intellij.rt.testng.IDEARemoteTestNG.run(IDEARemoteTestNG.java:66)
at com.intellij.rt.testng.RemoteTestNGStarter.main(RemoteTestNGStarter.java:109)
]]>
            </full-stacktrace>
          </exception> <!-- java.lang.AssertionError -->
          <reporter-output>
          </reporter-output>
        </test-method> <!-- testLoginButton -->
        <test-method is-config="true" signature="tearDown()[pri:0, instance:com.edu.frameworktest.test.LandingPageTest@143640d5]" started-at="2021-07-22T00:06:45Z" name="tearDown" finished-at="2021-07-22T00:06:45Z" duration-ms="164" status="PASS">
          <reporter-output>
          </reporter-output>
        </test-method> <!-- tearDown -->
        <test-method is-config="true" signature="setUp(java.lang.reflect.Method)[pri:0, instance:com.edu.frameworktest.test.LandingPageTest@143640d5]" started-at="2021-07-22T00:06:45Z" name="setUp" finished-at="2021-07-22T00:06:52Z" duration-ms="6791" status="PASS">
          <params>
            <param index="0">
              <value>
                <![CDATA[public void com.edu.frameworktest.test.LandingPageTest.testTitle()]]>
              </value>
            </param>
          </params>
          <reporter-output>
          </reporter-output>
        </test-method> <!-- setUp -->
        <test-method signature="testTitle()[pri:0, instance:com.edu.frameworktest.test.LandingPageTest@143640d5]" started-at="2021-07-22T00:06:52Z" name="testTitle" finished-at="2021-07-22T00:06:52Z" duration-ms="124" status="PASS">
          <reporter-output>
          </reporter-output>
        </test-method> <!-- testTitle -->
        <test-method is-config="true" signature="tearDown()[pri:0, instance:com.edu.frameworktest.test.LandingPageTest@143640d5]" started-at="2021-07-22T00:06:52Z" name="tearDown" finished-at="2021-07-22T00:06:52Z" duration-ms="115" status="PASS">
          <reporter-output>
          </reporter-output>
        </test-method> <!-- tearDown -->
      </class> <!-- com.edu.frameworktest.test.LandingPageTest -->
    </test> <!-- Automation Framework Test Cases -->
  </suite> <!-- FREE CRM Application Test Automation Test Suite -->
</testng-results>
